<?xml version="1.0" encoding="UTF-8"?>
<testsuite name="baseline.ItemBasicTest" tests="1" skipped="0" failures="0" errors="0" timestamp="2021-11-21T14:49:22" hostname="LAPTOP-RUVJETMJ" time="0.0">
  <properties/>
  <testcase name="testGettersAndSetters()" classname="baseline.ItemBasicTest" time="0.0"/>
  <system-out><![CDATA[]]></system-out>
  <system-err><![CDATA[]]></system-err>
</testsuite>
