<?xml version="1.0" encoding="UTF-8"?>
<testsuite name="baseline.ItemArrayListTest" tests="2" skipped="0" failures="0" errors="0" timestamp="2021-11-21T14:49:22" hostname="LAPTOP-RUVJETMJ" time="0.029">
  <properties/>
  <testcase name="testSize()" classname="baseline.ItemArrayListTest" time="0.026"/>
  <testcase name="testAddAndGet()" classname="baseline.ItemArrayListTest" time="0.002"/>
  <system-out><![CDATA[]]></system-out>
  <system-err><![CDATA[]]></system-err>
</testsuite>
